c:\users\romer\coding projects\visual studio 2022\doubletriangle\doubletriangle\release\vc143.pdb
c:\users\romer\coding projects\visual studio 2022\doubletriangle\doubletriangle\release\vbo.obj
c:\users\romer\coding projects\visual studio 2022\doubletriangle\doubletriangle\release\vao.obj
c:\users\romer\coding projects\visual studio 2022\doubletriangle\doubletriangle\release\texture.obj
c:\users\romer\coding projects\visual studio 2022\doubletriangle\doubletriangle\release\stb.obj
c:\users\romer\coding projects\visual studio 2022\doubletriangle\doubletriangle\release\shaderclass.obj
c:\users\romer\coding projects\visual studio 2022\doubletriangle\doubletriangle\release\source.obj
c:\users\romer\coding projects\visual studio 2022\doubletriangle\doubletriangle\release\ebo.obj
c:\users\romer\coding projects\visual studio 2022\doubletriangle\doubletriangle\release\camera.obj
c:\users\romer\coding projects\visual studio 2022\doubletriangle\doubletriangle\release\glad.obj
c:\users\romer\coding projects\visual studio 2022\doubletriangle\release\doubletriangle.exe
c:\users\romer\coding projects\visual studio 2022\doubletriangle\doubletriangle\release\doubletriangle.ipdb
c:\users\romer\coding projects\visual studio 2022\doubletriangle\doubletriangle\release\doubletriangle.iobj
c:\users\romer\coding projects\visual studio 2022\doubletriangle\release\doubletriangle.pdb
c:\users\romer\coding projects\visual studio 2022\doubletriangle\doubletriangle\release\doubletriangle.tlog\cl.command.1.tlog
c:\users\romer\coding projects\visual studio 2022\doubletriangle\doubletriangle\release\doubletriangle.tlog\cl.read.1.tlog
c:\users\romer\coding projects\visual studio 2022\doubletriangle\doubletriangle\release\doubletriangle.tlog\cl.write.1.tlog
c:\users\romer\coding projects\visual studio 2022\doubletriangle\doubletriangle\release\doubletriangle.tlog\link.command.1.tlog
c:\users\romer\coding projects\visual studio 2022\doubletriangle\doubletriangle\release\doubletriangle.tlog\link.read.1.tlog
c:\users\romer\coding projects\visual studio 2022\doubletriangle\doubletriangle\release\doubletriangle.tlog\link.write.1.tlog
